\BOOKMARK [0][-]{chapter.1}{Alcance}{}
\BOOKMARK [1][-]{section.1.1}{Esquemas de actividades y tareas}{chapter.1}
\BOOKMARK [1][-]{section.1.2}{Hitos}{chapter.1}
\BOOKMARK [1][-]{section.1.3}{Vinculaciones de tareas \(FC, CC, FF\)}{chapter.1}
\BOOKMARK [1][-]{section.1.4}{Tiempos de posposici\363n y adelanto}{chapter.1}
\BOOKMARK [1][-]{section.1.5}{Visualizaci\363n del camino cr\355tico}{chapter.1}
\BOOKMARK [0][-]{chapter.2}{Recursos y costes}{}
\BOOKMARK [1][-]{section.2.1}{Lista de recursos humanos y materiales y asignaciones a tareas}{chapter.2}
\BOOKMARK [1][-]{section.2.2}{Definici\363n de costes por uso}{chapter.2}
\BOOKMARK [1][-]{section.2.3}{Definici\363n de costes fijos de actividad}{chapter.2}
\BOOKMARK [1][-]{section.2.4}{Tablas variables de costo}{chapter.2}
\BOOKMARK [1][-]{section.2.5}{Disponibilidad variable de un recurso}{chapter.2}
\BOOKMARK [1][-]{section.2.6}{Tablas variables de tasas de costos}{chapter.2}
\BOOKMARK [1][-]{section.2.7}{Aplicaci\363n de distintas tablas de tasas de costo en tareas}{chapter.2}
\BOOKMARK [0][-]{chapter.3}{Calendarios}{}
\BOOKMARK [1][-]{section.3.1}{Calendarios generales de recursos humanos}{chapter.3}
\BOOKMARK [1][-]{section.3.2}{Calendarios espec\355ficos de recursos humanos}{chapter.3}
\BOOKMARK [0][-]{chapter.4}{Redistribuci\363n del proyecto}{}
\BOOKMARK [1][-]{section.4.1}{Informe de sobre-asignaciones de recursos y de su resoluci\363n}{chapter.4}
\BOOKMARK [2][-]{subsection.4.1.1}{Gantt de redistribuci\363n}{section.4.1}
\BOOKMARK [1][-]{section.4.2}{Incluir al menos 2 tipos de delimitaciones de tareas y analizar sus efectos en la programaci\363n de proyecto}{chapter.4}
\BOOKMARK [0][-]{chapter.5}{Alternativas al plan evaluando su repercusi\363n en coste y calendario}{}
\BOOKMARK [0][-]{chapter.6}{Seguimiento simulado del proyecto incluyendo como m\355nimo un ejemplo de las siguientes acciones}{}
\BOOKMARK [1][-]{section.6.1}{Introducci\363n de duraciones reales y restantes}{chapter.6}
\BOOKMARK [1][-]{section.6.2}{Introducci\363n de un porcentaje completado}{chapter.6}
\BOOKMARK [1][-]{section.6.3}{Introducci\363n del trabajo real}{chapter.6}
\BOOKMARK [1][-]{section.6.4}{Actualizar el resto del proyecto seg\372n la programaci\363n.}{chapter.6}
\BOOKMARK [0][-]{chapter.7}{Informes}{}
\BOOKMARK [1][-]{section.7.1}{Vista resumen del plan del proyecto}{chapter.7}
\BOOKMARK [1][-]{section.7.2}{Diagrama de Gantt}{chapter.7}
\BOOKMARK [1][-]{section.7.3}{Diagrama de Gant con camino cr\355tico}{chapter.7}
\BOOKMARK [1][-]{section.7.4}{Informe general de recursos}{chapter.7}
\BOOKMARK [1][-]{section.7.5}{Costes}{chapter.7}
\BOOKMARK [2][-]{subsection.7.5.1}{Costes por recursos}{section.7.5}
\BOOKMARK [2][-]{subsection.7.5.2}{Costes por actividades}{section.7.5}
\BOOKMARK [1][-]{section.7.6}{Informe de redistribuci\363n}{chapter.7}
\BOOKMARK [1][-]{section.7.7}{Informe de seguimiento}{chapter.7}
